Determining if the pthread_create exist failed with the following output:
Change Dir: /home/dongwonshin/Desktop/SFND_3D_Object_Tracking/build/CMakeFiles/CMakeTmp

Run Build Command:"/usr/bin/make" "cmTC_e423c/fast"
make[1]: Entering directory '/home/dongwonshin/Desktop/SFND_3D_Object_Tracking/build/CMakeFiles/CMakeTmp'
/usr/bin/make -f CMakeFiles/cmTC_e423c.dir/build.make CMakeFiles/cmTC_e423c.dir/build
make[2]: Entering directory '/home/dongwonshin/Desktop/SFND_3D_Object_Tracking/build/CMakeFiles/CMakeTmp'
Building C object CMakeFiles/cmTC_e423c.dir/CheckSymbolExists.c.o
/usr/bin/cc    -o CMakeFiles/cmTC_e423c.dir/CheckSymbolExists.c.o   -c /home/dongwonshin/Desktop/SFND_3D_Object_Tracking/build/CMakeFiles/CMakeTmp/CheckSymbolExists.c
Linking C executable cmTC_e423c
/usr/bin/cmake -E cmake_link_script CMakeFiles/cmTC_e423c.dir/link.txt --verbose=1
/usr/bin/cc      -rdynamic CMakeFiles/cmTC_e423c.dir/CheckSymbolExists.c.o  -o cmTC_e423c 
CMakeFiles/cmTC_e423c.dir/CheckSymbolExists.c.o: In function `main':
CheckSymbolExists.c:(.text+0x1b): undefined reference to `pthread_create'
collect2: error: ld returned 1 exit status
CMakeFiles/cmTC_e423c.dir/build.make:97: recipe for target 'cmTC_e423c' failed
make[2]: *** [cmTC_e423c] Error 1
make[2]: Leaving directory '/home/dongwonshin/Desktop/SFND_3D_Object_Tracking/build/CMakeFiles/CMakeTmp'
Makefile:126: recipe for target 'cmTC_e423c/fast' failed
make[1]: *** [cmTC_e423c/fast] Error 2
make[1]: Leaving directory '/home/dongwonshin/Desktop/SFND_3D_Object_Tracking/build/CMakeFiles/CMakeTmp'

File /home/dongwonshin/Desktop/SFND_3D_Object_Tracking/build/CMakeFiles/CMakeTmp/CheckSymbolExists.c:
/* */
#include <pthread.h>

int main(int argc, char** argv)
{
  (void)argv;
#ifndef pthread_create
  return ((int*)(&pthread_create))[argc];
#else
  (void)argc;
  return 0;
#endif
}

Determining if the function pthread_create exists in the pthreads failed with the following output:
Change Dir: /home/dongwonshin/Desktop/SFND_3D_Object_Tracking/build/CMakeFiles/CMakeTmp

Run Build Command:"/usr/bin/make" "cmTC_93d76/fast"
make[1]: Entering directory '/home/dongwonshin/Desktop/SFND_3D_Object_Tracking/build/CMakeFiles/CMakeTmp'
/usr/bin/make -f CMakeFiles/cmTC_93d76.dir/build.make CMakeFiles/cmTC_93d76.dir/build
make[2]: Entering directory '/home/dongwonshin/Desktop/SFND_3D_Object_Tracking/build/CMakeFiles/CMakeTmp'
Building C object CMakeFiles/cmTC_93d76.dir/CheckFunctionExists.c.o
/usr/bin/cc   -DCHECK_FUNCTION_EXISTS=pthread_create   -o CMakeFiles/cmTC_93d76.dir/CheckFunctionExists.c.o   -c /usr/share/cmake-3.10/Modules/CheckFunctionExists.c
Linking C executable cmTC_93d76
/usr/bin/cmake -E cmake_link_script CMakeFiles/cmTC_93d76.dir/link.txt --verbose=1
/usr/bin/cc  -DCHECK_FUNCTION_EXISTS=pthread_create    -rdynamic CMakeFiles/cmTC_93d76.dir/CheckFunctionExists.c.o  -o cmTC_93d76 -lpthreads 
/usr/bin/ld: cannot find -lpthreads
collect2: error: ld returned 1 exit status
CMakeFiles/cmTC_93d76.dir/build.make:97: recipe for target 'cmTC_93d76' failed
make[2]: *** [cmTC_93d76] Error 1
make[2]: Leaving directory '/home/dongwonshin/Desktop/SFND_3D_Object_Tracking/build/CMakeFiles/CMakeTmp'
Makefile:126: recipe for target 'cmTC_93d76/fast' failed
make[1]: *** [cmTC_93d76/fast] Error 2
make[1]: Leaving directory '/home/dongwonshin/Desktop/SFND_3D_Object_Tracking/build/CMakeFiles/CMakeTmp'


